c:\users\vince\source\repos\ese224-finalproject\midterm project\midterm project\x64\debug\vc142.pdb
c:\users\vince\source\repos\ese224-finalproject\midterm project\midterm project\x64\debug\vc142.idb
c:\users\vince\source\repos\ese224-finalproject\midterm project\midterm project\x64\debug\weaponsshop.obj
c:\users\vince\source\repos\ese224-finalproject\midterm project\midterm project\x64\debug\weapon.obj
c:\users\vince\source\repos\ese224-finalproject\midterm project\midterm project\x64\debug\templatestack.obj
c:\users\vince\source\repos\ese224-finalproject\midterm project\midterm project\x64\debug\scoreboard.obj
c:\users\vince\source\repos\ese224-finalproject\midterm project\midterm project\x64\debug\randomevents.obj
c:\users\vince\source\repos\ese224-finalproject\midterm project\midterm project\x64\debug\randomcomment.obj
c:\users\vince\source\repos\ese224-finalproject\midterm project\midterm project\x64\debug\player.obj
c:\users\vince\source\repos\ese224-finalproject\midterm project\midterm project\x64\debug\main.obj
c:\users\vince\source\repos\ese224-finalproject\midterm project\midterm project\x64\debug\floor.obj
c:\users\vince\source\repos\ese224-finalproject\midterm project\midterm project\x64\debug\fileoperations.obj
c:\users\vince\source\repos\ese224-finalproject\midterm project\midterm project\x64\debug\enemy.obj
c:\users\vince\source\repos\ese224-finalproject\midterm project\x64\debug\midterm project.pdb
c:\users\vince\source\repos\ese224-finalproject\midterm project\midterm project\x64\debug\midterm project.tlog\cl.command.1.tlog
c:\users\vince\source\repos\ese224-finalproject\midterm project\midterm project\x64\debug\midterm project.tlog\cl.read.1.tlog
c:\users\vince\source\repos\ese224-finalproject\midterm project\midterm project\x64\debug\midterm project.tlog\cl.write.1.tlog
c:\users\vince\source\repos\ese224-finalproject\midterm project\midterm project\x64\debug\midterm project.tlog\link.1900-cvtres.read.1.tlog
c:\users\vince\source\repos\ese224-finalproject\midterm project\midterm project\x64\debug\midterm project.tlog\link.1900-cvtres.write.1.tlog
c:\users\vince\source\repos\ese224-finalproject\midterm project\midterm project\x64\debug\midterm project.tlog\link.1900-rc.read.1.tlog
c:\users\vince\source\repos\ese224-finalproject\midterm project\midterm project\x64\debug\midterm project.tlog\link.1900-rc.write.1.tlog
c:\users\vince\source\repos\ese224-finalproject\midterm project\midterm project\x64\debug\midterm project.tlog\link.1900.read.1.tlog
c:\users\vince\source\repos\ese224-finalproject\midterm project\midterm project\x64\debug\midterm project.tlog\link.1900.write.1.tlog
c:\users\vince\source\repos\ese224-finalproject\midterm project\midterm project\x64\debug\midterm project.tlog\link.command.1.tlog
c:\users\vince\source\repos\ese224-finalproject\midterm project\midterm project\x64\debug\midterm project.tlog\link.read.1.tlog
c:\users\vince\source\repos\ese224-finalproject\midterm project\midterm project\x64\debug\midterm project.tlog\link.write.1.tlog
